<?xml version="1.0" encoding="UTF-8"?>
<!-- Generated by org.testng.reporters.JUnitReportReporter -->
<testsuite skipped="0" hostname="liuboyingdeMacBook-Pro.local" name="org.example.NewTest" tests="1" failures="0" timestamp="25 六月 2018 07:37:36 GMT" time="0.011" errors="0">
  <testcase name="testAdd" time="0.011" classname="org.example.NewTest"/>
</testsuite> <!-- org.example.NewTest -->
